2025-10-20 00:36:17.166 WARN  [HikariPool-1 housekeeper] com.zaxxer.hikari.pool.HikariPool - HikariPool-1 - Thread starvation or clock leap detected (housekeeper delta=21m20s481ms189µs700ns).
2025-10-20 01:11:07.770 INFO  [background-preinit] o.h.validator.internal.util.Version - HV000001: Hibernate Validator 8.0.1.Final
2025-10-20 01:11:07.816 INFO  [main] c.u.t.A.AsgardComicsApplication - Starting AsgardComicsApplication using Java 17.0.16 with PID 10608 (C:\Users\hole0\Asgard Comics\Backend\target\classes started by hole0 in C:\Users\hole0\Asgard Comics\Backend)
2025-10-20 01:11:07.817 INFO  [main] c.u.t.A.AsgardComicsApplication - No active profile set, falling back to 1 default profile: "default"
2025-10-20 01:11:08.630 INFO  [main] o.s.d.r.c.RepositoryConfigurationDelegate - Bootstrapping Spring Data JPA repositories in DEFAULT mode.
2025-10-20 01:11:08.759 INFO  [main] o.s.d.r.c.RepositoryConfigurationDelegate - Finished Spring Data repository scanning in 120 ms. Found 6 JPA repository interfaces.
2025-10-20 01:11:09.329 INFO  [main] o.s.b.w.e.tomcat.TomcatWebServer - Tomcat initialized with port 8080 (http)
2025-10-20 01:11:09.337 INFO  [main] o.a.coyote.http11.Http11NioProtocol - Initializing ProtocolHandler ["http-nio-8080"]
2025-10-20 01:11:09.340 INFO  [main] o.a.catalina.core.StandardService - Starting service [Tomcat]
2025-10-20 01:11:09.340 INFO  [main] o.a.catalina.core.StandardEngine - Starting Servlet engine: [Apache Tomcat/10.1.17]
2025-10-20 01:11:09.399 INFO  [main] o.a.c.c.C.[Tomcat].[localhost].[/] - Initializing Spring embedded WebApplicationContext
2025-10-20 01:11:09.400 INFO  [main] o.s.b.w.s.c.ServletWebServerApplicationContext - Root WebApplicationContext: initialization completed in 1532 ms
2025-10-20 01:11:09.433 INFO  [main] com.zaxxer.hikari.HikariDataSource - HikariPool-1 - Starting...
2025-10-20 01:11:09.639 INFO  [main] com.zaxxer.hikari.pool.HikariPool - HikariPool-1 - Added connection conn0: url=jdbc:h2:mem:testdb user=SA
2025-10-20 01:11:09.642 INFO  [main] com.zaxxer.hikari.HikariDataSource - HikariPool-1 - Start completed.
2025-10-20 01:11:09.652 INFO  [main] o.s.b.a.h.H2ConsoleAutoConfiguration - H2 console available at '/h2-console'. Database available at 'jdbc:h2:mem:testdb'
2025-10-20 01:11:09.677 WARN  [main] o.s.b.a.s.s.UserDetailsServiceAutoConfiguration - 

Using generated security password: 7551e00a-dc37-4ca3-88e7-696d4bc47076

This generated password is for development use only. Your security configuration must be updated before running your application in production.

2025-10-20 01:11:09.845 INFO  [main] o.h.jpa.internal.util.LogHelper - HHH000204: Processing PersistenceUnitInfo [name: default]
2025-10-20 01:11:09.934 INFO  [main] org.hibernate.Version - HHH000412: Hibernate ORM core version 6.4.1.Final
2025-10-20 01:11:09.976 INFO  [main] o.h.c.i.RegionFactoryInitiator - HHH000026: Second-level cache disabled
2025-10-20 01:11:10.300 INFO  [main] o.s.o.j.p.SpringPersistenceUnitInfo - No LoadTimeWeaver setup: ignoring JPA class transformer
2025-10-20 01:11:10.402 WARN  [main] org.hibernate.orm.deprecation - HHH90000025: H2Dialect does not need to be specified explicitly using 'hibernate.dialect' (remove the property setting and it will be selected by default)
2025-10-20 01:11:11.376 INFO  [main] o.h.e.t.j.p.i.JtaPlatformInitiator - HHH000489: No JTA platform available (set 'hibernate.transaction.jta.platform' to enable JTA platform integration)
2025-10-20 01:11:11.439 INFO  [main] o.s.o.j.LocalContainerEntityManagerFactoryBean - Initialized JPA EntityManagerFactory for persistence unit 'default'
2025-10-20 01:11:11.767 INFO  [main] o.s.d.j.r.query.QueryEnhancerFactory - Hibernate is in classpath; If applicable, HQL parser will be used.
2025-10-20 01:11:12.464 WARN  [main] o.s.b.a.o.j.JpaBaseConfiguration$JpaWebConfiguration - spring.jpa.open-in-view is enabled by default. Therefore, database queries may be performed during view rendering. Explicitly configure spring.jpa.open-in-view to disable this warning
2025-10-20 01:11:12.795 INFO  [main] o.s.s.web.DefaultSecurityFilterChain - Will secure any request with [org.springframework.security.web.session.DisableEncodeUrlFilter@71adea8d, org.springframework.security.web.context.request.async.WebAsyncManagerIntegrationFilter@49842c0d, org.springframework.security.web.context.SecurityContextHolderFilter@1c461b90, org.springframework.security.web.header.HeaderWriterFilter@77199818, org.springframework.web.filter.CorsFilter@74d6d5ca, org.springframework.security.web.authentication.logout.LogoutFilter@75acb326, org.springframework.security.web.savedrequest.RequestCacheAwareFilter@280fa441, org.springframework.security.web.servletapi.SecurityContextHolderAwareRequestFilter@77d771a2, org.springframework.security.web.authentication.AnonymousAuthenticationFilter@5e05f3eb, org.springframework.security.web.session.SessionManagementFilter@47814094, org.springframework.security.web.access.ExceptionTranslationFilter@1e6a74fe, org.springframework.security.web.access.intercept.AuthorizationFilter@6ddab96c]
2025-10-20 01:11:13.016 INFO  [main] o.a.coyote.http11.Http11NioProtocol - Starting ProtocolHandler ["http-nio-8080"]
2025-10-20 01:11:13.021 WARN  [main] o.s.b.w.s.c.AnnotationConfigServletWebServerApplicationContext - Exception encountered during context initialization - cancelling refresh attempt: org.springframework.context.ApplicationContextException: Failed to start bean 'webServerStartStop'
2025-10-20 01:11:13.025 INFO  [main] o.s.o.j.LocalContainerEntityManagerFactoryBean - Closing JPA EntityManagerFactory for persistence unit 'default'
2025-10-20 01:11:13.034 INFO  [main] com.zaxxer.hikari.HikariDataSource - HikariPool-1 - Shutdown initiated...
2025-10-20 01:11:13.038 INFO  [main] com.zaxxer.hikari.HikariDataSource - HikariPool-1 - Shutdown completed.
2025-10-20 01:11:13.058 INFO  [main] o.s.b.a.l.ConditionEvaluationReportLogger - 

Error starting ApplicationContext. To display the condition evaluation report re-run your application with 'debug' enabled.
2025-10-20 01:11:13.076 ERROR [main] o.s.b.d.LoggingFailureAnalysisReporter - 

***************************
APPLICATION FAILED TO START
***************************

Description:

Web server failed to start. Port 8080 was already in use.

Action:

Identify and stop the process that's listening on port 8080 or configure this application to listen on another port.

2025-10-20 01:18:57.150 INFO  [background-preinit] o.h.validator.internal.util.Version - HV000001: Hibernate Validator 8.0.1.Final
2025-10-20 01:18:57.201 INFO  [main] c.u.t.A.AsgardComicsApplication - Starting AsgardComicsApplication using Java 17.0.16 with PID 34256 (C:\Users\hole0\Asgard Comics\Backend\target\classes started by hole0 in C:\Users\hole0\Asgard Comics\Backend)
2025-10-20 01:18:57.202 INFO  [main] c.u.t.A.AsgardComicsApplication - No active profile set, falling back to 1 default profile: "default"
2025-10-20 01:18:57.973 INFO  [main] o.s.d.r.c.RepositoryConfigurationDelegate - Bootstrapping Spring Data JPA repositories in DEFAULT mode.
2025-10-20 01:18:58.067 INFO  [main] o.s.d.r.c.RepositoryConfigurationDelegate - Finished Spring Data repository scanning in 83 ms. Found 6 JPA repository interfaces.
2025-10-20 01:18:58.671 INFO  [main] o.s.b.w.e.tomcat.TomcatWebServer - Tomcat initialized with port 8080 (http)
2025-10-20 01:18:58.681 INFO  [main] o.a.coyote.http11.Http11NioProtocol - Initializing ProtocolHandler ["http-nio-8080"]
2025-10-20 01:18:58.684 INFO  [main] o.a.catalina.core.StandardService - Starting service [Tomcat]
2025-10-20 01:18:58.684 INFO  [main] o.a.catalina.core.StandardEngine - Starting Servlet engine: [Apache Tomcat/10.1.17]
2025-10-20 01:18:58.752 INFO  [main] o.a.c.c.C.[Tomcat].[localhost].[/] - Initializing Spring embedded WebApplicationContext
2025-10-20 01:18:58.753 INFO  [main] o.s.b.w.s.c.ServletWebServerApplicationContext - Root WebApplicationContext: initialization completed in 1507 ms
2025-10-20 01:18:58.786 INFO  [main] com.zaxxer.hikari.HikariDataSource - HikariPool-1 - Starting...
2025-10-20 01:18:58.965 INFO  [main] com.zaxxer.hikari.pool.HikariPool - HikariPool-1 - Added connection conn0: url=jdbc:h2:mem:testdb user=SA
2025-10-20 01:18:58.967 INFO  [main] com.zaxxer.hikari.HikariDataSource - HikariPool-1 - Start completed.
2025-10-20 01:18:58.977 INFO  [main] o.s.b.a.h.H2ConsoleAutoConfiguration - H2 console available at '/h2-console'. Database available at 'jdbc:h2:mem:testdb'
2025-10-20 01:18:59.001 WARN  [main] o.s.b.a.s.s.UserDetailsServiceAutoConfiguration - 

Using generated security password: c0147a5d-07cf-4eb7-938d-e0dfa7c0d3d4

This generated password is for development use only. Your security configuration must be updated before running your application in production.

2025-10-20 01:18:59.117 INFO  [main] o.h.jpa.internal.util.LogHelper - HHH000204: Processing PersistenceUnitInfo [name: default]
2025-10-20 01:18:59.173 INFO  [main] org.hibernate.Version - HHH000412: Hibernate ORM core version 6.4.1.Final
2025-10-20 01:18:59.208 INFO  [main] o.h.c.i.RegionFactoryInitiator - HHH000026: Second-level cache disabled
2025-10-20 01:18:59.424 INFO  [main] o.s.o.j.p.SpringPersistenceUnitInfo - No LoadTimeWeaver setup: ignoring JPA class transformer
2025-10-20 01:18:59.473 WARN  [main] org.hibernate.orm.deprecation - HHH90000025: H2Dialect does not need to be specified explicitly using 'hibernate.dialect' (remove the property setting and it will be selected by default)
2025-10-20 01:19:00.295 INFO  [main] o.h.e.t.j.p.i.JtaPlatformInitiator - HHH000489: No JTA platform available (set 'hibernate.transaction.jta.platform' to enable JTA platform integration)
2025-10-20 01:19:00.346 INFO  [main] o.s.o.j.LocalContainerEntityManagerFactoryBean - Initialized JPA EntityManagerFactory for persistence unit 'default'
2025-10-20 01:19:00.698 INFO  [main] o.s.d.j.r.query.QueryEnhancerFactory - Hibernate is in classpath; If applicable, HQL parser will be used.
2025-10-20 01:19:01.315 WARN  [main] o.s.b.a.o.j.JpaBaseConfiguration$JpaWebConfiguration - spring.jpa.open-in-view is enabled by default. Therefore, database queries may be performed during view rendering. Explicitly configure spring.jpa.open-in-view to disable this warning
2025-10-20 01:19:01.600 INFO  [main] o.s.s.web.DefaultSecurityFilterChain - Will secure any request with [org.springframework.security.web.session.DisableEncodeUrlFilter@2b284acc, org.springframework.security.web.context.request.async.WebAsyncManagerIntegrationFilter@76e5278a, org.springframework.security.web.context.SecurityContextHolderFilter@3310bb28, org.springframework.security.web.header.HeaderWriterFilter@47c163bb, org.springframework.web.filter.CorsFilter@70cc0601, org.springframework.security.web.authentication.logout.LogoutFilter@60bc259a, org.springframework.security.web.savedrequest.RequestCacheAwareFilter@ddca64d, org.springframework.security.web.servletapi.SecurityContextHolderAwareRequestFilter@5d39797a, org.springframework.security.web.authentication.AnonymousAuthenticationFilter@4b27a3fc, org.springframework.security.web.session.SessionManagementFilter@23c6556b, org.springframework.security.web.access.ExceptionTranslationFilter@a9b5c85, org.springframework.security.web.access.intercept.AuthorizationFilter@6816b0cb]
2025-10-20 01:19:01.813 INFO  [main] o.a.coyote.http11.Http11NioProtocol - Starting ProtocolHandler ["http-nio-8080"]
2025-10-20 01:19:01.819 WARN  [main] o.s.b.w.s.c.AnnotationConfigServletWebServerApplicationContext - Exception encountered during context initialization - cancelling refresh attempt: org.springframework.context.ApplicationContextException: Failed to start bean 'webServerStartStop'
2025-10-20 01:19:01.823 INFO  [main] o.s.o.j.LocalContainerEntityManagerFactoryBean - Closing JPA EntityManagerFactory for persistence unit 'default'
2025-10-20 01:19:01.832 INFO  [main] com.zaxxer.hikari.HikariDataSource - HikariPool-1 - Shutdown initiated...
2025-10-20 01:19:01.834 INFO  [main] com.zaxxer.hikari.HikariDataSource - HikariPool-1 - Shutdown completed.
2025-10-20 01:19:01.851 INFO  [main] o.s.b.a.l.ConditionEvaluationReportLogger - 

Error starting ApplicationContext. To display the condition evaluation report re-run your application with 'debug' enabled.
2025-10-20 01:19:01.871 ERROR [main] o.s.b.d.LoggingFailureAnalysisReporter - 

***************************
APPLICATION FAILED TO START
***************************

Description:

Web server failed to start. Port 8080 was already in use.

Action:

Identify and stop the process that's listening on port 8080 or configure this application to listen on another port.

2025-10-20 01:19:33.196 INFO  [background-preinit] o.h.validator.internal.util.Version - HV000001: Hibernate Validator 8.0.1.Final
2025-10-20 01:19:33.282 INFO  [main] c.u.t.A.AsgardComicsApplication - Starting AsgardComicsApplication using Java 17.0.16 with PID 35796 (C:\Users\hole0\Asgard Comics\Backend\target\classes started by hole0 in C:\Users\hole0\Asgard Comics\Backend)
2025-10-20 01:19:33.284 INFO  [main] c.u.t.A.AsgardComicsApplication - No active profile set, falling back to 1 default profile: "default"
2025-10-20 01:19:34.029 INFO  [main] o.s.d.r.c.RepositoryConfigurationDelegate - Bootstrapping Spring Data JPA repositories in DEFAULT mode.
2025-10-20 01:19:34.108 INFO  [main] o.s.d.r.c.RepositoryConfigurationDelegate - Finished Spring Data repository scanning in 71 ms. Found 6 JPA repository interfaces.
2025-10-20 01:19:34.696 INFO  [main] o.s.b.w.e.tomcat.TomcatWebServer - Tomcat initialized with port 8080 (http)
2025-10-20 01:19:34.709 INFO  [main] o.a.coyote.http11.Http11NioProtocol - Initializing ProtocolHandler ["http-nio-8080"]
2025-10-20 01:19:34.712 INFO  [main] o.a.catalina.core.StandardService - Starting service [Tomcat]
2025-10-20 01:19:34.712 INFO  [main] o.a.catalina.core.StandardEngine - Starting Servlet engine: [Apache Tomcat/10.1.17]
2025-10-20 01:19:34.768 INFO  [main] o.a.c.c.C.[Tomcat].[localhost].[/] - Initializing Spring embedded WebApplicationContext
2025-10-20 01:19:34.768 INFO  [main] o.s.b.w.s.c.ServletWebServerApplicationContext - Root WebApplicationContext: initialization completed in 1432 ms
2025-10-20 01:19:34.800 INFO  [main] com.zaxxer.hikari.HikariDataSource - HikariPool-1 - Starting...
2025-10-20 01:19:34.974 INFO  [main] com.zaxxer.hikari.pool.HikariPool - HikariPool-1 - Added connection conn0: url=jdbc:h2:mem:testdb user=SA
2025-10-20 01:19:34.976 INFO  [main] com.zaxxer.hikari.HikariDataSource - HikariPool-1 - Start completed.
2025-10-20 01:19:34.987 INFO  [main] o.s.b.a.h.H2ConsoleAutoConfiguration - H2 console available at '/h2-console'. Database available at 'jdbc:h2:mem:testdb'
2025-10-20 01:19:35.013 WARN  [main] o.s.b.a.s.s.UserDetailsServiceAutoConfiguration - 

Using generated security password: 6ea85c92-f6be-45d4-a158-19efbf91b3b2

This generated password is for development use only. Your security configuration must be updated before running your application in production.

2025-10-20 01:19:35.135 INFO  [main] o.h.jpa.internal.util.LogHelper - HHH000204: Processing PersistenceUnitInfo [name: default]
2025-10-20 01:19:35.191 INFO  [main] org.hibernate.Version - HHH000412: Hibernate ORM core version 6.4.1.Final
2025-10-20 01:19:35.228 INFO  [main] o.h.c.i.RegionFactoryInitiator - HHH000026: Second-level cache disabled
2025-10-20 01:19:35.474 INFO  [main] o.s.o.j.p.SpringPersistenceUnitInfo - No LoadTimeWeaver setup: ignoring JPA class transformer
2025-10-20 01:19:35.524 WARN  [main] org.hibernate.orm.deprecation - HHH90000025: H2Dialect does not need to be specified explicitly using 'hibernate.dialect' (remove the property setting and it will be selected by default)
2025-10-20 01:19:36.374 INFO  [main] o.h.e.t.j.p.i.JtaPlatformInitiator - HHH000489: No JTA platform available (set 'hibernate.transaction.jta.platform' to enable JTA platform integration)
2025-10-20 01:19:36.429 INFO  [main] o.s.o.j.LocalContainerEntityManagerFactoryBean - Initialized JPA EntityManagerFactory for persistence unit 'default'
2025-10-20 01:19:36.787 INFO  [main] o.s.d.j.r.query.QueryEnhancerFactory - Hibernate is in classpath; If applicable, HQL parser will be used.
2025-10-20 01:19:37.404 WARN  [main] o.s.b.a.o.j.JpaBaseConfiguration$JpaWebConfiguration - spring.jpa.open-in-view is enabled by default. Therefore, database queries may be performed during view rendering. Explicitly configure spring.jpa.open-in-view to disable this warning
2025-10-20 01:19:37.707 INFO  [main] o.s.s.web.DefaultSecurityFilterChain - Will secure any request with [org.springframework.security.web.session.DisableEncodeUrlFilter@2b284acc, org.springframework.security.web.context.request.async.WebAsyncManagerIntegrationFilter@76e5278a, org.springframework.security.web.context.SecurityContextHolderFilter@3310bb28, org.springframework.security.web.header.HeaderWriterFilter@47c163bb, org.springframework.web.filter.CorsFilter@70cc0601, org.springframework.security.web.authentication.logout.LogoutFilter@60bc259a, org.springframework.security.web.savedrequest.RequestCacheAwareFilter@ddca64d, org.springframework.security.web.servletapi.SecurityContextHolderAwareRequestFilter@5d39797a, org.springframework.security.web.authentication.AnonymousAuthenticationFilter@4b27a3fc, org.springframework.security.web.session.SessionManagementFilter@23c6556b, org.springframework.security.web.access.ExceptionTranslationFilter@a9b5c85, org.springframework.security.web.access.intercept.AuthorizationFilter@6816b0cb]
2025-10-20 01:19:37.918 INFO  [main] o.a.coyote.http11.Http11NioProtocol - Starting ProtocolHandler ["http-nio-8080"]
2025-10-20 01:19:37.925 WARN  [main] o.s.b.w.s.c.AnnotationConfigServletWebServerApplicationContext - Exception encountered during context initialization - cancelling refresh attempt: org.springframework.context.ApplicationContextException: Failed to start bean 'webServerStartStop'
2025-10-20 01:19:37.927 INFO  [main] o.s.o.j.LocalContainerEntityManagerFactoryBean - Closing JPA EntityManagerFactory for persistence unit 'default'
2025-10-20 01:19:37.936 INFO  [main] com.zaxxer.hikari.HikariDataSource - HikariPool-1 - Shutdown initiated...
2025-10-20 01:19:37.939 INFO  [main] com.zaxxer.hikari.HikariDataSource - HikariPool-1 - Shutdown completed.
2025-10-20 01:19:37.950 INFO  [main] o.s.b.a.l.ConditionEvaluationReportLogger - 

Error starting ApplicationContext. To display the condition evaluation report re-run your application with 'debug' enabled.
2025-10-20 01:19:37.967 ERROR [main] o.s.b.d.LoggingFailureAnalysisReporter - 

***************************
APPLICATION FAILED TO START
***************************

Description:

Web server failed to start. Port 8080 was already in use.

Action:

Identify and stop the process that's listening on port 8080 or configure this application to listen on another port.

2025-10-20 01:21:23.382 INFO  [background-preinit] o.h.validator.internal.util.Version - HV000001: Hibernate Validator 8.0.1.Final
2025-10-20 01:21:23.441 INFO  [main] c.u.t.A.AsgardComicsApplication - Starting AsgardComicsApplication using Java 17.0.16 with PID 18884 (C:\Users\hole0\Asgard Comics\Backend\target\classes started by hole0 in C:\Users\hole0\Asgard Comics\Backend)
2025-10-20 01:21:23.443 INFO  [main] c.u.t.A.AsgardComicsApplication - No active profile set, falling back to 1 default profile: "default"
2025-10-20 01:21:24.186 INFO  [main] o.s.d.r.c.RepositoryConfigurationDelegate - Bootstrapping Spring Data JPA repositories in DEFAULT mode.
2025-10-20 01:21:24.268 INFO  [main] o.s.d.r.c.RepositoryConfigurationDelegate - Finished Spring Data repository scanning in 70 ms. Found 6 JPA repository interfaces.
2025-10-20 01:21:24.815 INFO  [main] o.s.b.w.e.tomcat.TomcatWebServer - Tomcat initialized with port 8080 (http)
2025-10-20 01:21:24.823 INFO  [main] o.a.coyote.http11.Http11NioProtocol - Initializing ProtocolHandler ["http-nio-8080"]
2025-10-20 01:21:24.825 INFO  [main] o.a.catalina.core.StandardService - Starting service [Tomcat]
2025-10-20 01:21:24.826 INFO  [main] o.a.catalina.core.StandardEngine - Starting Servlet engine: [Apache Tomcat/10.1.17]
2025-10-20 01:21:24.887 INFO  [main] o.a.c.c.C.[Tomcat].[localhost].[/] - Initializing Spring embedded WebApplicationContext
2025-10-20 01:21:24.888 INFO  [main] o.s.b.w.s.c.ServletWebServerApplicationContext - Root WebApplicationContext: initialization completed in 1399 ms
2025-10-20 01:21:24.923 INFO  [main] com.zaxxer.hikari.HikariDataSource - HikariPool-1 - Starting...
2025-10-20 01:21:25.106 INFO  [main] com.zaxxer.hikari.pool.HikariPool - HikariPool-1 - Added connection conn0: url=jdbc:h2:mem:testdb user=SA
2025-10-20 01:21:25.108 INFO  [main] com.zaxxer.hikari.HikariDataSource - HikariPool-1 - Start completed.
2025-10-20 01:21:25.120 INFO  [main] o.s.b.a.h.H2ConsoleAutoConfiguration - H2 console available at '/h2-console'. Database available at 'jdbc:h2:mem:testdb'
2025-10-20 01:21:25.145 WARN  [main] o.s.b.a.s.s.UserDetailsServiceAutoConfiguration - 

Using generated security password: ed4adf2c-3288-41f9-9fce-1c0d5fa1566b

This generated password is for development use only. Your security configuration must be updated before running your application in production.

2025-10-20 01:21:25.261 INFO  [main] o.h.jpa.internal.util.LogHelper - HHH000204: Processing PersistenceUnitInfo [name: default]
2025-10-20 01:21:25.315 INFO  [main] org.hibernate.Version - HHH000412: Hibernate ORM core version 6.4.1.Final
2025-10-20 01:21:25.349 INFO  [main] o.h.c.i.RegionFactoryInitiator - HHH000026: Second-level cache disabled
2025-10-20 01:21:25.561 INFO  [main] o.s.o.j.p.SpringPersistenceUnitInfo - No LoadTimeWeaver setup: ignoring JPA class transformer
2025-10-20 01:21:25.605 WARN  [main] org.hibernate.orm.deprecation - HHH90000025: H2Dialect does not need to be specified explicitly using 'hibernate.dialect' (remove the property setting and it will be selected by default)
2025-10-20 01:21:26.386 INFO  [main] o.h.e.t.j.p.i.JtaPlatformInitiator - HHH000489: No JTA platform available (set 'hibernate.transaction.jta.platform' to enable JTA platform integration)
2025-10-20 01:21:26.441 INFO  [main] o.s.o.j.LocalContainerEntityManagerFactoryBean - Initialized JPA EntityManagerFactory for persistence unit 'default'
2025-10-20 01:21:26.792 INFO  [main] o.s.d.j.r.query.QueryEnhancerFactory - Hibernate is in classpath; If applicable, HQL parser will be used.
2025-10-20 01:21:27.395 WARN  [main] o.s.b.a.o.j.JpaBaseConfiguration$JpaWebConfiguration - spring.jpa.open-in-view is enabled by default. Therefore, database queries may be performed during view rendering. Explicitly configure spring.jpa.open-in-view to disable this warning
2025-10-20 01:21:27.674 INFO  [main] o.s.s.web.DefaultSecurityFilterChain - Will secure any request with [org.springframework.security.web.session.DisableEncodeUrlFilter@286e2b71, org.springframework.security.web.context.request.async.WebAsyncManagerIntegrationFilter@6ad4d333, org.springframework.security.web.context.SecurityContextHolderFilter@79a68d4e, org.springframework.security.web.header.HeaderWriterFilter@3a2f4611, org.springframework.web.filter.CorsFilter@1b3fff29, org.springframework.security.web.authentication.logout.LogoutFilter@2b284acc, org.springframework.security.web.savedrequest.RequestCacheAwareFilter@60483dcf, org.springframework.security.web.servletapi.SecurityContextHolderAwareRequestFilter@308bd473, org.springframework.security.web.authentication.AnonymousAuthenticationFilter@4f90b4c9, org.springframework.security.web.session.SessionManagementFilter@280fa441, org.springframework.security.web.access.ExceptionTranslationFilter@78edbe01, org.springframework.security.web.access.intercept.AuthorizationFilter@74d6d5ca]
2025-10-20 01:21:27.867 INFO  [main] o.a.coyote.http11.Http11NioProtocol - Starting ProtocolHandler ["http-nio-8080"]
2025-10-20 01:21:27.874 WARN  [main] o.s.b.w.s.c.AnnotationConfigServletWebServerApplicationContext - Exception encountered during context initialization - cancelling refresh attempt: org.springframework.context.ApplicationContextException: Failed to start bean 'webServerStartStop'
2025-10-20 01:21:27.877 INFO  [main] o.s.o.j.LocalContainerEntityManagerFactoryBean - Closing JPA EntityManagerFactory for persistence unit 'default'
2025-10-20 01:21:27.887 INFO  [main] com.zaxxer.hikari.HikariDataSource - HikariPool-1 - Shutdown initiated...
2025-10-20 01:21:27.890 INFO  [main] com.zaxxer.hikari.HikariDataSource - HikariPool-1 - Shutdown completed.
2025-10-20 01:21:27.904 INFO  [main] o.s.b.a.l.ConditionEvaluationReportLogger - 

Error starting ApplicationContext. To display the condition evaluation report re-run your application with 'debug' enabled.
2025-10-20 01:21:27.923 ERROR [main] o.s.b.d.LoggingFailureAnalysisReporter - 

***************************
APPLICATION FAILED TO START
***************************

Description:

Web server failed to start. Port 8080 was already in use.

Action:

Identify and stop the process that's listening on port 8080 or configure this application to listen on another port.

2025-10-20 01:26:48.219 INFO  [background-preinit] o.h.validator.internal.util.Version - HV000001: Hibernate Validator 8.0.1.Final
2025-10-20 01:26:48.264 INFO  [main] c.u.t.A.AsgardComicsApplication - Starting AsgardComicsApplication using Java 17.0.16 with PID 15264 (C:\Users\hole0\Asgard Comics\Backend\target\classes started by hole0 in C:\Users\hole0\Asgard Comics\Backend)
2025-10-20 01:26:48.265 INFO  [main] c.u.t.A.AsgardComicsApplication - No active profile set, falling back to 1 default profile: "default"
2025-10-20 01:26:48.931 INFO  [main] o.s.d.r.c.RepositoryConfigurationDelegate - Bootstrapping Spring Data JPA repositories in DEFAULT mode.
2025-10-20 01:26:49.011 INFO  [main] o.s.d.r.c.RepositoryConfigurationDelegate - Finished Spring Data repository scanning in 71 ms. Found 6 JPA repository interfaces.
2025-10-20 01:26:49.532 INFO  [main] o.s.b.w.e.tomcat.TomcatWebServer - Tomcat initialized with port 8080 (http)
2025-10-20 01:26:49.541 INFO  [main] o.a.coyote.http11.Http11NioProtocol - Initializing ProtocolHandler ["http-nio-8080"]
2025-10-20 01:26:49.543 INFO  [main] o.a.catalina.core.StandardService - Starting service [Tomcat]
2025-10-20 01:26:49.543 INFO  [main] o.a.catalina.core.StandardEngine - Starting Servlet engine: [Apache Tomcat/10.1.17]
2025-10-20 01:26:49.612 INFO  [main] o.a.c.c.C.[Tomcat].[localhost].[/] - Initializing Spring embedded WebApplicationContext
2025-10-20 01:26:49.612 INFO  [main] o.s.b.w.s.c.ServletWebServerApplicationContext - Root WebApplicationContext: initialization completed in 1309 ms
2025-10-20 01:26:49.653 INFO  [main] com.zaxxer.hikari.HikariDataSource - HikariPool-1 - Starting...
2025-10-20 01:26:49.832 INFO  [main] com.zaxxer.hikari.pool.HikariPool - HikariPool-1 - Added connection conn0: url=jdbc:h2:mem:testdb user=SA
2025-10-20 01:26:49.834 INFO  [main] com.zaxxer.hikari.HikariDataSource - HikariPool-1 - Start completed.
2025-10-20 01:26:49.845 INFO  [main] o.s.b.a.h.H2ConsoleAutoConfiguration - H2 console available at '/h2-console'. Database available at 'jdbc:h2:mem:testdb'
2025-10-20 01:26:49.867 WARN  [main] o.s.b.a.s.s.UserDetailsServiceAutoConfiguration - 

Using generated security password: d49bb900-7091-4105-a0b2-c14b3a4111e3

This generated password is for development use only. Your security configuration must be updated before running your application in production.

2025-10-20 01:26:49.985 INFO  [main] o.h.jpa.internal.util.LogHelper - HHH000204: Processing PersistenceUnitInfo [name: default]
2025-10-20 01:26:50.036 INFO  [main] org.hibernate.Version - HHH000412: Hibernate ORM core version 6.4.1.Final
2025-10-20 01:26:50.070 INFO  [main] o.h.c.i.RegionFactoryInitiator - HHH000026: Second-level cache disabled
2025-10-20 01:26:50.280 INFO  [main] o.s.o.j.p.SpringPersistenceUnitInfo - No LoadTimeWeaver setup: ignoring JPA class transformer
2025-10-20 01:26:50.327 WARN  [main] org.hibernate.orm.deprecation - HHH90000025: H2Dialect does not need to be specified explicitly using 'hibernate.dialect' (remove the property setting and it will be selected by default)
2025-10-20 01:26:51.076 INFO  [main] o.h.e.t.j.p.i.JtaPlatformInitiator - HHH000489: No JTA platform available (set 'hibernate.transaction.jta.platform' to enable JTA platform integration)
2025-10-20 01:26:51.130 INFO  [main] o.s.o.j.LocalContainerEntityManagerFactoryBean - Initialized JPA EntityManagerFactory for persistence unit 'default'
2025-10-20 01:26:51.464 INFO  [main] o.s.d.j.r.query.QueryEnhancerFactory - Hibernate is in classpath; If applicable, HQL parser will be used.
2025-10-20 01:26:52.026 WARN  [main] o.s.b.a.o.j.JpaBaseConfiguration$JpaWebConfiguration - spring.jpa.open-in-view is enabled by default. Therefore, database queries may be performed during view rendering. Explicitly configure spring.jpa.open-in-view to disable this warning
2025-10-20 01:26:52.299 INFO  [main] o.s.s.web.DefaultSecurityFilterChain - Will secure any request with [org.springframework.security.web.session.DisableEncodeUrlFilter@1b3fff29, org.springframework.security.web.context.request.async.WebAsyncManagerIntegrationFilter@4f90b4c9, org.springframework.security.web.context.SecurityContextHolderFilter@60483dcf, org.springframework.security.web.header.HeaderWriterFilter@19710bd9, org.springframework.web.filter.CorsFilter@16fc3be9, org.springframework.security.web.authentication.logout.LogoutFilter@70cc0601, org.springframework.security.web.savedrequest.RequestCacheAwareFilter@7d0ae3d1, org.springframework.security.web.servletapi.SecurityContextHolderAwareRequestFilter@2114955c, org.springframework.security.web.authentication.AnonymousAuthenticationFilter@5afd2f4e, org.springframework.security.web.session.SessionManagementFilter@5be17e53, org.springframework.security.web.access.ExceptionTranslationFilter@3a2f4611, org.springframework.security.web.access.intercept.AuthorizationFilter@40e28324]
2025-10-20 01:26:52.495 INFO  [main] o.a.coyote.http11.Http11NioProtocol - Starting ProtocolHandler ["http-nio-8080"]
2025-10-20 01:26:52.523 INFO  [main] o.s.b.w.e.tomcat.TomcatWebServer - Tomcat started on port 8080 (http) with context path ''
2025-10-20 01:26:52.531 INFO  [main] c.u.t.A.AsgardComicsApplication - Started AsgardComicsApplication in 4.73 seconds (process running for 5.187)
2025-10-20 01:28:01.253 INFO  [http-nio-8080-exec-2] o.a.c.c.C.[Tomcat].[localhost].[/] - Initializing Spring DispatcherServlet 'dispatcherServlet'
2025-10-20 01:28:01.254 INFO  [http-nio-8080-exec-2] o.s.web.servlet.DispatcherServlet - Initializing Servlet 'dispatcherServlet'
2025-10-20 01:28:01.256 INFO  [http-nio-8080-exec-2] o.s.web.servlet.DispatcherServlet - Completed initialization in 2 ms
